<?xml version="1.0" encoding="UTF-8"?>
<testsuite xmlns:xsi="http://www.w3.org/2001/XMLSchema-instance" xsi:noNamespaceSchemaLocation="https://maven.apache.org/surefire/maven-surefire-plugin/xsd/surefire-test-report.xsd" name="com.epam.rd.autotasks.SpiralTest" time="0.196" tests="9" errors="0" skipped="0" failures="0">
  <properties>
[...]
</properties>
  <testcase name="testSpiral11" classname="com.epam.rd.autotasks.SpiralTest" time="0.09"/>
  <testcase name="testSpiral12" classname="com.epam.rd.autotasks.SpiralTest" time="0.002"/>
  <testcase name="testSpiral21" classname="com.epam.rd.autotasks.SpiralTest" time="0.002"/>
  <testcase name="testSpiral22" classname="com.epam.rd.autotasks.SpiralTest" time="0.005"/>
  <testcase name="testSpiral33" classname="com.epam.rd.autotasks.SpiralTest" time="0"/>
  <testcase name="testSpiral34" classname="com.epam.rd.autotasks.SpiralTest" time="0.002"/>
  <testcase name="testSpiral43" classname="com.epam.rd.autotasks.SpiralTest" time="0.001"/>
  <testcase name="testSpiral55" classname="com.epam.rd.autotasks.SpiralTest" time="0.002"/>
  <testcase name="testSpiral56" classname="com.epam.rd.autotasks.SpiralTest" time="0"/>
</testsuite>